[    10.495] (--) Log file renamed from "/home/mhamad/.local/share/xorg/Xorg.pid-765.log" to "/home/mhamad/.local/share/xorg/Xorg.0.log"
[    10.500] 
X.Org X Server 1.20.9
X Protocol Version 11, Revision 0
[    10.500] Build Operating System: Linux 4.15.0-130-generic x86_64 Ubuntu
[    10.500] Current Operating System: Linux mhamad-SATELLITE-C50-B 5.8.0-43-generic #49~20.04.1-Ubuntu SMP Fri Feb 5 09:57:56 UTC 2021 x86_64
[    10.500] Kernel command line: BOOT_IMAGE=/boot/vmlinuz-5.8.0-43-generic root=UUID=90e8f2a4-e370-4f84-bed6-fd0bf97eafaa ro quiet splash vt.handoff=7
[    10.500] Build Date: 17 January 2021  09:13:31AM
[    10.500] xorg-server 2:1.20.9-2ubuntu1.2~20.04.1 (For technical support please see http://www.ubuntu.com/support) 
[    10.500] Current version of pixman: 0.38.4
[    10.500] 	Before reporting problems, check http://wiki.x.org
	to make sure that you have the latest version.
[    10.500] Markers: (--) probed, (**) from config file, (==) default setting,
	(++) from command line, (!!) notice, (II) informational,
	(WW) warning, (EE) error, (NI) not implemented, (??) unknown.
[    10.501] (==) Log file: "/home/mhamad/.local/share/xorg/Xorg.0.log", Time: Wed May 12 16:16:00 2021
[    10.503] (==) Using system config directory "/usr/share/X11/xorg.conf.d"
[    10.505] (==) No Layout section.  Using the first Screen section.
[    10.505] (==) No screen section available. Using defaults.
[    10.505] (**) |-->Screen "Default Screen Section" (0)
[    10.505] (**) |   |-->Monitor "<default monitor>"
[    10.506] (==) No monitor specified for screen "Default Screen Section".
	Using a default monitor configuration.
[    10.506] (==) Automatically adding devices
[    10.506] (==) Automatically enabling devices
[    10.506] (==) Automatically adding GPU devices
[    10.506] (==) Automatically binding GPU devices
[    10.506] (==) Max clients allowed: 256, resource mask: 0x1fffff
[    10.509] (WW) The directory "/usr/share/fonts/X11/cyrillic" does not exist.
[    10.509] 	Entry deleted from font path.
[    10.509] (WW) The directory "/usr/share/fonts/X11/100dpi/" does not exist.
[    10.509] 	Entry deleted from font path.
[    10.509] (WW) The directory "/usr/share/fonts/X11/75dpi/" does not exist.
[    10.509] 	Entry deleted from font path.
[    10.509] (WW) The directory "/usr/share/fonts/X11/100dpi" does not exist.
[    10.509] 	Entry deleted from font path.
[    10.509] (WW) The directory "/usr/share/fonts/X11/75dpi" does not exist.
[    10.509] 	Entry deleted from font path.
[    10.509] (==) FontPath set to:
	/usr/share/fonts/X11/misc,
	/usr/share/fonts/X11/Type1,
	built-ins
[    10.509] (==) ModulePath set to "/usr/lib/xorg/modules"
[    10.509] (II) The server relies on udev to provide the list of input devices.
	If no devices become available, reconfigure udev or disable AutoAddDevices.
[    10.509] (II) Loader magic: 0x556db8456020
[    10.510] (II) Module ABI versions:
[    10.510] 	X.Org ANSI C Emulation: 0.4
[    10.510] 	X.Org Video Driver: 24.1
[    10.510] 	X.Org XInput driver : 24.1
[    10.510] 	X.Org Server Extension : 10.0
[    10.511] (++) using VT number 2

[    10.521] (II) systemd-logind: took control of session /org/freedesktop/login1/session/_31
[    10.522] (II) xfree86: Adding drm device (/dev/dri/card0)
[    10.523] (II) systemd-logind: got fd for /dev/dri/card0 226:0 fd 12 paused 0
[    10.528] (--) PCI:*(0@0:2:0) 8086:0a16:1179:f910 rev 11, Mem @ 0xf6c00000/4194304, 0xe0000000/268435456, I/O @ 0x0000f000/64, BIOS @ 0x????????/131072
[    10.531] (II) LoadModule: "glx"
[    10.532] (II) Loading /usr/lib/xorg/modules/extensions/libglx.so
[    10.546] (II) Module glx: vendor="X.Org Foundation"
[    10.546] 	compiled for 1.20.9, module version = 1.0.0
[    10.546] 	ABI class: X.Org Server Extension, version 10.0
[    10.546] (==) Matched modesetting as autoconfigured driver 0
[    10.546] (==) Matched fbdev as autoconfigured driver 1
[    10.546] (==) Matched vesa as autoconfigured driver 2
[    10.547] (==) Assigned the driver to the xf86ConfigLayout
[    10.547] (II) LoadModule: "modesetting"
[    10.547] (II) Loading /usr/lib/xorg/modules/drivers/modesetting_drv.so
[    10.552] (II) Module modesetting: vendor="X.Org Foundation"
[    10.552] 	compiled for 1.20.9, module version = 1.20.9
[    10.552] 	Module class: X.Org Video Driver
[    10.552] 	ABI class: X.Org Video Driver, version 24.1
[    10.552] (II) LoadModule: "fbdev"
[    10.552] (II) Loading /usr/lib/xorg/modules/drivers/fbdev_drv.so
[    10.553] (II) Module fbdev: vendor="X.Org Foundation"
[    10.553] 	compiled for 1.20.1, module version = 0.5.0
[    10.553] 	Module class: X.Org Video Driver
[    10.553] 	ABI class: X.Org Video Driver, version 24.0
[    10.553] (II) LoadModule: "vesa"
[    10.553] (II) Loading /usr/lib/xorg/modules/drivers/vesa_drv.so
[    10.555] (II) Module vesa: vendor="X.Org Foundation"
[    10.555] 	compiled for 1.20.4, module version = 2.4.0
[    10.555] 	Module class: X.Org Video Driver
[    10.555] 	ABI class: X.Org Video Driver, version 24.0
[    10.555] (II) modesetting: Driver for Modesetting Kernel Drivers: kms
[    10.555] (II) FBDEV: driver for framebuffer: fbdev
[    10.555] (II) VESA: driver for VESA chipsets: vesa
[    10.555] xf86EnableIOPorts: failed to set IOPL for I/O (Operation not permitted)
[    10.555] (II) modeset(0): using drv /dev/dri/card0
[    10.555] (WW) Falling back to old probe method for fbdev
[    10.555] (II) Loading sub module "fbdevhw"
[    10.555] (II) LoadModule: "fbdevhw"
[    10.555] (II) Loading /usr/lib/xorg/modules/libfbdevhw.so
[    10.557] (II) Module fbdevhw: vendor="X.Org Foundation"
[    10.557] 	compiled for 1.20.9, module version = 0.0.2
[    10.557] 	ABI class: X.Org Video Driver, version 24.1
[    10.557] (EE) open /dev/fb0: Permission denied
[    10.557] (WW) VGA arbiter: cannot open kernel arbiter, no multi-card support
[    10.557] (II) modeset(0): Creating default Display subsection in Screen section
	"Default Screen Section" for depth/fbbpp 24/32
[    10.557] (==) modeset(0): Depth 24, (==) framebuffer bpp 32
[    10.557] (==) modeset(0): RGB weight 888
[    10.557] (==) modeset(0): Default visual is TrueColor
[    10.557] (II) Loading sub module "glamoregl"
[    10.557] (II) LoadModule: "glamoregl"
[    10.557] (II) Loading /usr/lib/xorg/modules/libglamoregl.so
[    10.576] (II) Module glamoregl: vendor="X.Org Foundation"
[    10.576] 	compiled for 1.20.9, module version = 1.0.1
[    10.576] 	ABI class: X.Org ANSI C Emulation, version 0.4
[    10.669] (II) modeset(0): glamor X acceleration enabled on Mesa DRI Intel(R) HD Graphics 4400 (HSW GT2)
[    10.669] (II) modeset(0): glamor initialized
[    10.671] (II) modeset(0): Output eDP-1 has no monitor section
[    10.671] (II) modeset(0): Output DP-1 has no monitor section
[    10.673] (II) modeset(0): Output HDMI-1 has no monitor section
[    10.675] (II) modeset(0): EDID for output eDP-1
[    10.675] (II) modeset(0): Manufacturer: CMO  Model: 15a7  Serial#: 0
[    10.675] (II) modeset(0): Year: 2010  Week: 31
[    10.675] (II) modeset(0): EDID Version: 1.3
[    10.675] (II) modeset(0): Digital Display Input
[    10.675] (II) modeset(0): Max Image Size [cm]: horiz.: 35  vert.: 19
[    10.675] (II) modeset(0): Gamma: 2.20
[    10.675] (II) modeset(0): No DPMS capabilities specified
[    10.675] (II) modeset(0): Supported color encodings: RGB 4:4:4 YCrCb 4:4:4 
[    10.675] (II) modeset(0): First detailed timing is preferred mode
[    10.675] (II) modeset(0): redX: 0.617 redY: 0.340   greenX: 0.320 greenY: 0.598
[    10.675] (II) modeset(0): blueX: 0.160 blueY: 0.084   whiteX: 0.313 whiteY: 0.329
[    10.675] (II) modeset(0): Manufacturer's mask: 0
[    10.675] (II) modeset(0): Supported detailed timing:
[    10.675] (II) modeset(0): clock: 69.3 MHz   Image Size:  344 x 193 mm
[    10.675] (II) modeset(0): h_active: 1366  h_sync: 1382  h_sync_end 1416 h_blank_end 1466 h_border: 0
[    10.675] (II) modeset(0): v_active: 768  v_sync: 770  v_sync_end 776 v_blanking: 788 v_border: 0
[    10.675] (II) modeset(0):  N156BGE-L21
[    10.675] (II) modeset(0):  CMO
[    10.675] (II) modeset(0):  N156BGE-L21
[    10.675] (II) modeset(0): EDID (in hex):
[    10.675] (II) modeset(0): 	00ffffffffffff000dafa71500000000
[    10.675] (II) modeset(0): 	1f140103802313780a00259e57529929
[    10.675] (II) modeset(0): 	15505400000001010101010101010101
[    10.675] (II) modeset(0): 	010101010101121b5664500014301022
[    10.675] (II) modeset(0): 	260058c110000018000000fe004e3135
[    10.675] (II) modeset(0): 	364247452d4c32310a20000000fe0043
[    10.675] (II) modeset(0): 	4d4f0a202020202020202020000000fe
[    10.675] (II) modeset(0): 	004e3135364247452d4c32310a200095
[    10.676] (II) modeset(0): Printing probed modes for output eDP-1
[    10.676] (II) modeset(0): Modeline "1366x768"x60.0   69.30  1366 1382 1416 1466  768 770 776 788 -hsync -vsync (47.3 kHz eP)
[    10.676] (II) modeset(0): Modeline "1360x768"x59.8   84.75  1360 1432 1568 1776  768 771 781 798 -hsync +vsync (47.7 kHz d)
[    10.676] (II) modeset(0): Modeline "1360x768"x60.0   72.00  1360 1408 1440 1520  768 771 781 790 +hsync -vsync (47.4 kHz d)
[    10.676] (II) modeset(0): Modeline "1280x720"x120.0  156.12  1280 1376 1512 1744  720 721 724 746 doublescan -hsync +vsync (89.5 kHz d)
[    10.676] (II) modeset(0): Modeline "1280x720"x120.0  120.75  1280 1304 1320 1360  720 721 724 740 doublescan +hsync -vsync (88.8 kHz d)
[    10.676] (II) modeset(0): Modeline "1280x720"x59.9   74.50  1280 1344 1472 1664  720 723 728 748 -hsync +vsync (44.8 kHz d)
[    10.676] (II) modeset(0): Modeline "1280x720"x59.7   63.75  1280 1328 1360 1440  720 723 728 741 +hsync -vsync (44.3 kHz d)
[    10.676] (II) modeset(0): Modeline "1024x768"x120.1  133.47  1024 1100 1212 1400  768 768 770 794 doublescan -hsync +vsync (95.3 kHz d)
[    10.676] (II) modeset(0): Modeline "1024x768"x60.0   65.00  1024 1048 1184 1344  768 771 777 806 -hsync -vsync (48.4 kHz d)
[    10.676] (II) modeset(0): Modeline "960x720"x120.0  117.00  960 1024 1128 1300  720 720 722 750 doublescan -hsync +vsync (90.0 kHz d)
[    10.676] (II) modeset(0): Modeline "928x696"x120.1  109.15  928 976 1088 1264  696 696 698 719 doublescan -hsync +vsync (86.4 kHz d)
[    10.676] (II) modeset(0): Modeline "896x672"x120.0  102.40  896 960 1060 1224  672 672 674 697 doublescan -hsync +vsync (83.7 kHz d)
[    10.676] (II) modeset(0): Modeline "1024x576"x119.9   98.50  1024 1092 1200 1376  576 577 580 597 doublescan -hsync +vsync (71.6 kHz d)
[    10.676] (II) modeset(0): Modeline "1024x576"x119.9   78.38  1024 1048 1064 1104  576 577 580 592 doublescan +hsync -vsync (71.0 kHz d)
[    10.676] (II) modeset(0): Modeline "1024x576"x59.9   46.50  1024 1064 1160 1296  576 579 584 599 -hsync +vsync (35.9 kHz d)
[    10.676] (II) modeset(0): Modeline "1024x576"x59.8   42.00  1024 1072 1104 1184  576 579 584 593 +hsync -vsync (35.5 kHz d)
[    10.676] (II) modeset(0): Modeline "960x600"x119.9   96.62  960 1028 1128 1296  600 601 604 622 doublescan -hsync +vsync (74.6 kHz d)
[    10.676] (II) modeset(0): Modeline "960x600"x120.0   77.00  960 984 1000 1040  600 601 604 617 doublescan +hsync -vsync (74.0 kHz d)
[    10.676] (II) modeset(0): Modeline "960x540"x119.9   86.50  960 1024 1124 1288  540 541 544 560 doublescan -hsync +vsync (67.2 kHz d)
[    10.676] (II) modeset(0): Modeline "960x540"x120.0   69.25  960 984 1000 1040  540 541 544 555 doublescan +hsync -vsync (66.6 kHz d)
[    10.676] (II) modeset(0): Modeline "960x540"x59.6   40.75  960 992 1088 1216  540 543 548 562 -hsync +vsync (33.5 kHz d)
[    10.676] (II) modeset(0): Modeline "960x540"x59.8   37.25  960 1008 1040 1120  540 543 548 556 +hsync -vsync (33.3 kHz d)
[    10.676] (II) modeset(0): Modeline "800x600"x120.0   81.00  800 832 928 1080  600 600 602 625 doublescan +hsync +vsync (75.0 kHz d)
[    10.676] (II) modeset(0): Modeline "800x600"x60.3   40.00  800 840 968 1056  600 601 605 628 +hsync +vsync (37.9 kHz d)
[    10.676] (II) modeset(0): Modeline "800x600"x56.2   36.00  800 824 896 1024  600 601 603 625 +hsync +vsync (35.2 kHz d)
[    10.676] (II) modeset(0): Modeline "840x525"x120.0   73.12  840 892 980 1120  525 526 529 544 doublescan -hsync +vsync (65.3 kHz d)
[    10.676] (II) modeset(0): Modeline "840x525"x119.8   59.50  840 864 880 920  525 526 529 540 doublescan +hsync -vsync (64.7 kHz d)
[    10.676] (II) modeset(0): Modeline "864x486"x59.9   32.50  864 888 968 1072  486 489 494 506 -hsync +vsync (30.3 kHz d)
[    10.677] (II) modeset(0): Modeline "864x486"x59.6   30.50  864 912 944 1024  486 489 494 500 +hsync -vsync (29.8 kHz d)
[    10.677] (II) modeset(0): Modeline "800x512"x120.3   51.56  800 800 828 832  512 512 514 515 doublescan +hsync +vsync (62.0 kHz d)
[    10.677] (II) modeset(0): Modeline "700x525"x120.0   61.00  700 744 820 940  525 526 532 541 doublescan +hsync +vsync (64.9 kHz d)
[    10.677] (II) modeset(0): Modeline "800x450"x119.9   59.12  800 848 928 1056  450 451 454 467 doublescan -hsync +vsync (56.0 kHz d)
[    10.677] (II) modeset(0): Modeline "800x450"x119.6   48.75  800 824 840 880  450 451 454 463 doublescan +hsync -vsync (55.4 kHz d)
[    10.677] (II) modeset(0): Modeline "640x512"x120.0   54.00  640 664 720 844  512 512 514 533 doublescan +hsync +vsync (64.0 kHz d)
[    10.677] (II) modeset(0): Modeline "720x450"x119.8   53.25  720 760 836 952  450 451 454 467 doublescan -hsync +vsync (55.9 kHz d)
[    10.677] (II) modeset(0): Modeline "700x450"x119.9   51.75  700 740 812 924  450 451 456 467 doublescan -hsync +vsync (56.0 kHz d)
[    10.677] (II) modeset(0): Modeline "700x450"x119.8   43.25  700 724 740 780  450 451 456 463 doublescan +hsync -vsync (55.4 kHz d)
[    10.677] (II) modeset(0): Modeline "640x480"x120.0   54.00  640 688 744 900  480 480 482 500 doublescan +hsync +vsync (60.0 kHz d)
[    10.677] (II) modeset(0): Modeline "640x480"x59.9   25.18  640 656 752 800  480 490 492 525 -hsync -vsync (31.5 kHz d)
[    10.677] (II) modeset(0): Modeline "720x405"x59.5   22.50  720 744 808 896  405 408 413 422 -hsync +vsync (25.1 kHz d)
[    10.677] (II) modeset(0): Modeline "720x405"x59.0   21.75  720 768 800 880  405 408 413 419 +hsync -vsync (24.7 kHz d)
[    10.677] (II) modeset(0): Modeline "684x384"x119.8   42.62  684 720 788 892  384 385 390 399 doublescan -hsync +vsync (47.8 kHz d)
[    10.677] (II) modeset(0): Modeline "684x384"x119.7   36.12  684 708 724 764  384 385 390 395 doublescan +hsync -vsync (47.3 kHz d)
[    10.677] (II) modeset(0): Modeline "680x384"x119.6   42.38  680 716 784 888  384 385 390 399 doublescan -hsync +vsync (47.7 kHz d)
[    10.677] (II) modeset(0): Modeline "680x384"x119.9   36.00  680 704 720 760  384 385 390 395 doublescan +hsync -vsync (47.4 kHz d)
[    10.677] (II) modeset(0): Modeline "640x400"x119.8   41.75  640 676 740 840  400 401 404 415 doublescan -hsync +vsync (49.7 kHz d)
[    10.677] (II) modeset(0): Modeline "640x400"x120.0   35.50  640 664 680 720  400 401 404 411 doublescan +hsync -vsync (49.3 kHz d)
[    10.677] (II) modeset(0): Modeline "576x432"x120.1   40.81  576 608 668 760  432 432 434 447 doublescan -hsync +vsync (53.7 kHz d)
[    10.677] (II) modeset(0): Modeline "640x360"x119.7   37.25  640 672 736 832  360 361 364 374 doublescan -hsync +vsync (44.8 kHz d)
[    10.677] (II) modeset(0): Modeline "640x360"x119.7   31.88  640 664 680 720  360 361 364 370 doublescan +hsync -vsync (44.3 kHz d)
[    10.677] (II) modeset(0): Modeline "640x360"x59.8   18.00  640 664 720 800  360 363 368 376 -hsync +vsync (22.5 kHz d)
[    10.677] (II) modeset(0): Modeline "640x360"x59.3   17.75  640 688 720 800  360 363 368 374 +hsync -vsync (22.2 kHz d)
[    10.677] (II) modeset(0): Modeline "512x384"x120.0   32.50  512 524 592 672  384 385 388 403 doublescan -hsync -vsync (48.4 kHz d)
[    10.677] (II) modeset(0): Modeline "512x288"x120.0   23.25  512 532 580 648  288 289 292 299 doublescan -hsync +vsync (35.9 kHz d)
[    10.677] (II) modeset(0): Modeline "512x288"x119.8   21.00  512 536 552 592  288 289 292 296 doublescan +hsync -vsync (35.5 kHz d)
[    10.677] (II) modeset(0): Modeline "480x270"x119.3   20.38  480 496 544 608  270 271 274 281 doublescan -hsync +vsync (33.5 kHz d)
[    10.677] (II) modeset(0): Modeline "480x270"x119.6   18.62  480 504 520 560  270 271 274 278 doublescan +hsync -vsync (33.3 kHz d)
[    10.677] (II) modeset(0): Modeline "400x300"x120.6   20.00  400 420 484 528  300 300 302 314 doublescan +hsync +vsync (37.9 kHz d)
[    10.677] (II) modeset(0): Modeline "400x300"x112.7   18.00  400 412 448 512  300 300 301 312 doublescan +hsync +vsync (35.2 kHz d)
[    10.677] (II) modeset(0): Modeline "432x243"x119.8   16.25  432 444 484 536  243 244 247 253 doublescan -hsync +vsync (30.3 kHz d)
[    10.677] (II) modeset(0): Modeline "432x243"x119.1   15.25  432 456 472 512  243 244 247 250 doublescan +hsync -vsync (29.8 kHz d)
[    10.677] (II) modeset(0): Modeline "320x240"x120.1   12.59  320 328 376 400  240 245 246 262 doublescan -hsync -vsync (31.5 kHz d)
[    10.677] (II) modeset(0): Modeline "360x202"x119.0   11.25  360 372 404 448  202 204 206 211 doublescan -hsync +vsync (25.1 kHz d)
[    10.677] (II) modeset(0): Modeline "360x202"x118.3   10.88  360 384 400 440  202 204 206 209 doublescan +hsync -vsync (24.7 kHz d)
[    10.677] (II) modeset(0): Modeline "320x180"x119.7    9.00  320 332 360 400  180 181 184 188 doublescan -hsync +vsync (22.5 kHz d)
[    10.677] (II) modeset(0): Modeline "320x180"x118.6    8.88  320 344 360 400  180 181 184 187 doublescan +hsync -vsync (22.2 kHz d)
[    10.677] (II) modeset(0): EDID for output DP-1
[    10.679] (II) modeset(0): EDID for output HDMI-1
[    10.679] (II) modeset(0): Output eDP-1 connected
[    10.679] (II) modeset(0): Output DP-1 disconnected
[    10.679] (II) modeset(0): Output HDMI-1 disconnected
[    10.679] (II) modeset(0): Using exact sizes for initial modes
[    10.679] (II) modeset(0): Output eDP-1 using initial mode 1366x768 +0+0
[    10.679] (==) modeset(0): Using gamma correction (1.0, 1.0, 1.0)
[    10.679] (==) modeset(0): DPI set to (96, 96)
[    10.679] (II) Loading sub module "fb"
[    10.679] (II) LoadModule: "fb"
[    10.679] (II) Loading /usr/lib/xorg/modules/libfb.so
[    10.680] (II) Module fb: vendor="X.Org Foundation"
[    10.680] 	compiled for 1.20.9, module version = 1.0.0
[    10.680] 	ABI class: X.Org ANSI C Emulation, version 0.4
[    10.680] (II) UnloadModule: "fbdev"
[    10.680] (II) Unloading fbdev
[    10.680] (II) UnloadSubModule: "fbdevhw"
[    10.680] (II) Unloading fbdevhw
[    10.680] (II) UnloadModule: "vesa"
[    10.681] (II) Unloading vesa
[    10.709] (==) modeset(0): Backing store enabled
[    10.709] (==) modeset(0): Silken mouse enabled
[    10.784] (II) modeset(0): Initializing kms color map for depth 24, 8 bpc.
[    10.784] (==) modeset(0): DPMS enabled
[    10.785] (II) modeset(0): [DRI2] Setup complete
[    10.785] (II) modeset(0): [DRI2]   DRI driver: i965
[    10.785] (II) modeset(0): [DRI2]   VDPAU driver: va_gl
[    10.785] (II) Initializing extension Generic Event Extension
[    10.786] (II) Initializing extension SHAPE
[    10.786] (II) Initializing extension MIT-SHM
[    10.786] (II) Initializing extension XInputExtension
[    10.787] (II) Initializing extension XTEST
[    10.787] (II) Initializing extension BIG-REQUESTS
[    10.787] (II) Initializing extension SYNC
[    10.788] (II) Initializing extension XKEYBOARD
[    10.788] (II) Initializing extension XC-MISC
[    10.788] (II) Initializing extension SECURITY
[    10.789] (II) Initializing extension XFIXES
[    10.789] (II) Initializing extension RENDER
[    10.789] (II) Initializing extension RANDR
[    10.790] (II) Initializing extension COMPOSITE
[    10.790] (II) Initializing extension DAMAGE
[    10.790] (II) Initializing extension MIT-SCREEN-SAVER
[    10.790] (II) Initializing extension DOUBLE-BUFFER
[    10.790] (II) Initializing extension RECORD
[    10.790] (II) Initializing extension DPMS
[    10.791] (II) Initializing extension Present
[    10.791] (II) Initializing extension DRI3
[    10.791] (II) Initializing extension X-Resource
[    10.791] (II) Initializing extension XVideo
[    10.791] (II) Initializing extension XVideo-MotionCompensation
[    10.791] (II) Initializing extension SELinux
[    10.791] (II) SELinux: Disabled on system
[    10.791] (II) Initializing extension GLX
[    10.807] (II) AIGLX: Loaded and initialized i965
[    10.807] (II) GLX: Initialized DRI2 GL provider for screen 0
[    10.807] (II) Initializing extension XFree86-VidModeExtension
[    10.808] (II) Initializing extension XFree86-DGA
[    10.808] (II) Initializing extension XFree86-DRI
[    10.808] (II) Initializing extension DRI2
[    10.831] (II) modeset(0): Damage tracking initialized
[    10.831] (II) modeset(0): Setting screen physical size to 361 x 203
[    10.907] (II) config/udev: Adding input device Power Button (/dev/input/event2)
[    10.907] (**) Power Button: Applying InputClass "libinput keyboard catchall"
[    10.907] (II) LoadModule: "libinput"
[    10.917] (II) Loading /usr/lib/xorg/modules/input/libinput_drv.so
[    10.929] (II) Module libinput: vendor="X.Org Foundation"
[    10.929] 	compiled for 1.20.4, module version = 0.29.0
[    10.929] 	Module class: X.Org XInput Driver
[    10.929] 	ABI class: X.Org XInput driver, version 24.1
[    10.929] (II) Using input driver 'libinput' for 'Power Button'
[    10.931] (II) systemd-logind: got fd for /dev/input/event2 13:66 fd 22 paused 0
[    10.931] (**) Power Button: always reports core events
[    10.931] (**) Option "Device" "/dev/input/event2"
[    10.931] (**) Option "_source" "server/udev"
[    10.946] (II) event2  - Power Button: is tagged by udev as: Keyboard
[    10.946] (II) event2  - Power Button: device is a keyboard
[    10.946] (II) event2  - Power Button: device removed
[    10.946] (**) Option "config_info" "udev:/sys/devices/LNXSYSTM:00/LNXPWRBN:00/input/input2/event2"
[    10.947] (II) XINPUT: Adding extended input device "Power Button" (type: KEYBOARD, id 6)
[    10.947] (**) Option "xkb_model" "pc105"
[    10.947] (**) Option "xkb_layout" "gb"
[    10.993] (II) event2  - Power Button: is tagged by udev as: Keyboard
[    10.995] (II) event2  - Power Button: device is a keyboard
[    11.002] (II) config/udev: Adding input device Video Bus (/dev/input/event6)
[    11.003] (**) Video Bus: Applying InputClass "libinput keyboard catchall"
[    11.003] (II) Using input driver 'libinput' for 'Video Bus'
[    11.004] (II) systemd-logind: got fd for /dev/input/event6 13:70 fd 25 paused 0
[    11.004] (**) Video Bus: always reports core events
[    11.004] (**) Option "Device" "/dev/input/event6"
[    11.004] (**) Option "_source" "server/udev"
[    11.006] (II) event6  - Video Bus: is tagged by udev as: Keyboard
[    11.007] (II) event6  - Video Bus: device is a keyboard
[    11.007] (II) event6  - Video Bus: device removed
[    11.007] (**) Option "config_info" "udev:/sys/devices/LNXSYSTM:00/LNXSYBUS:00/PNP0A08:00/LNXVIDEO:00/input/input7/event6"
[    11.007] (II) XINPUT: Adding extended input device "Video Bus" (type: KEYBOARD, id 7)
[    11.007] (**) Option "xkb_model" "pc105"
[    11.007] (**) Option "xkb_layout" "gb"
[    11.022] (II) event6  - Video Bus: is tagged by udev as: Keyboard
[    11.022] (II) event6  - Video Bus: device is a keyboard
[    11.024] (II) config/udev: Adding input device Power Button (/dev/input/event0)
[    11.024] (**) Power Button: Applying InputClass "libinput keyboard catchall"
[    11.024] (II) Using input driver 'libinput' for 'Power Button'
[    11.028] (II) systemd-logind: got fd for /dev/input/event0 13:64 fd 26 paused 0
[    11.028] (**) Power Button: always reports core events
[    11.028] (**) Option "Device" "/dev/input/event0"
[    11.028] (**) Option "_source" "server/udev"
[    11.030] (II) event0  - Power Button: is tagged by udev as: Keyboard
[    11.030] (II) event0  - Power Button: device is a keyboard
[    11.030] (II) event0  - Power Button: device removed
[    11.030] (**) Option "config_info" "udev:/sys/devices/LNXSYSTM:00/LNXSYBUS:00/PNP0C0C:00/input/input0/event0"
[    11.030] (II) XINPUT: Adding extended input device "Power Button" (type: KEYBOARD, id 8)
[    11.030] (**) Option "xkb_model" "pc105"
[    11.030] (**) Option "xkb_layout" "gb"
[    11.032] (II) event0  - Power Button: is tagged by udev as: Keyboard
[    11.032] (II) event0  - Power Button: device is a keyboard
[    11.038] (II) config/udev: Adding input device Lid Switch (/dev/input/event1)
[    11.038] (II) No input driver specified, ignoring this device.
[    11.038] (II) This device may have been added with another device file.
[    11.045] (II) config/udev: Adding input device HDA Intel HDMI HDMI/DP,pcm=3 (/dev/input/event9)
[    11.045] (II) No input driver specified, ignoring this device.
[    11.045] (II) This device may have been added with another device file.
[    11.046] (II) config/udev: Adding input device HDA Intel HDMI HDMI/DP,pcm=7 (/dev/input/event10)
[    11.046] (II) No input driver specified, ignoring this device.
[    11.047] (II) This device may have been added with another device file.
[    11.047] (II) config/udev: Adding input device HDA Intel HDMI HDMI/DP,pcm=8 (/dev/input/event11)
[    11.047] (II) No input driver specified, ignoring this device.
[    11.047] (II) This device may have been added with another device file.
[    11.049] (II) config/udev: Adding input device HDA Intel HDMI HDMI/DP,pcm=9 (/dev/input/event12)
[    11.049] (II) No input driver specified, ignoring this device.
[    11.049] (II) This device may have been added with another device file.
[    11.050] (II) config/udev: Adding input device HDA Intel HDMI HDMI/DP,pcm=10 (/dev/input/event13)
[    11.051] (II) No input driver specified, ignoring this device.
[    11.051] (II) This device may have been added with another device file.
[    11.052] (II) config/udev: Adding input device HDA Intel PCH Headphone (/dev/input/event8)
[    11.052] (II) No input driver specified, ignoring this device.
[    11.052] (II) This device may have been added with another device file.
[    11.055] (II) config/udev: Adding input device TOSHIBA Web Camera - HD: TOSHIB (/dev/input/event7)
[    11.055] (**) TOSHIBA Web Camera - HD: TOSHIB: Applying InputClass "libinput keyboard catchall"
[    11.055] (II) Using input driver 'libinput' for 'TOSHIBA Web Camera - HD: TOSHIB'
[    11.065] (II) systemd-logind: got fd for /dev/input/event7 13:71 fd 27 paused 0
[    11.065] (**) TOSHIBA Web Camera - HD: TOSHIB: always reports core events
[    11.065] (**) Option "Device" "/dev/input/event7"
[    11.065] (**) Option "_source" "server/udev"
[    11.069] (II) event7  - TOSHIBA Web Camera - HD: TOSHIB: is tagged by udev as: Keyboard
[    11.070] (II) event7  - TOSHIBA Web Camera - HD: TOSHIB: device is a keyboard
[    11.071] (II) event7  - TOSHIBA Web Camera - HD: TOSHIB: device removed
[    11.072] (**) Option "config_info" "udev:/sys/devices/pci0000:00/0000:00:1d.0/usb1/1-1/1-1.8/1-1.8:1.0/input/input8/event7"
[    11.073] (II) XINPUT: Adding extended input device "TOSHIBA Web Camera - HD: TOSHIB" (type: KEYBOARD, id 9)
[    11.073] (**) Option "xkb_model" "pc105"
[    11.074] (**) Option "xkb_layout" "gb"
[    11.078] (II) event7  - TOSHIBA Web Camera - HD: TOSHIB: is tagged by udev as: Keyboard
[    11.078] (II) event7  - TOSHIBA Web Camera - HD: TOSHIB: device is a keyboard
[    11.080] (II) config/udev: Adding input device AT Translated Set 2 keyboard (/dev/input/event3)
[    11.080] (**) AT Translated Set 2 keyboard: Applying InputClass "libinput keyboard catchall"
[    11.080] (II) Using input driver 'libinput' for 'AT Translated Set 2 keyboard'
[    11.084] (II) systemd-logind: got fd for /dev/input/event3 13:67 fd 28 paused 0
[    11.084] (**) AT Translated Set 2 keyboard: always reports core events
[    11.084] (**) Option "Device" "/dev/input/event3"
[    11.084] (**) Option "_source" "server/udev"
[    11.086] (II) event3  - AT Translated Set 2 keyboard: is tagged by udev as: Keyboard
[    11.087] (II) event3  - AT Translated Set 2 keyboard: device is a keyboard
[    11.087] (II) event3  - AT Translated Set 2 keyboard: device removed
[    11.087] (**) Option "config_info" "udev:/sys/devices/platform/i8042/serio0/input/input3/event3"
[    11.087] (II) XINPUT: Adding extended input device "AT Translated Set 2 keyboard" (type: KEYBOARD, id 10)
[    11.087] (**) Option "xkb_model" "pc105"
[    11.087] (**) Option "xkb_layout" "gb"
[    11.093] (II) event3  - AT Translated Set 2 keyboard: is tagged by udev as: Keyboard
[    11.093] (II) event3  - AT Translated Set 2 keyboard: device is a keyboard
[    11.094] (II) config/udev: Adding input device SynPS/2 Synaptics TouchPad (/dev/input/event4)
[    11.095] (**) SynPS/2 Synaptics TouchPad: Applying InputClass "libinput touchpad catchall"
[    11.095] (II) Using input driver 'libinput' for 'SynPS/2 Synaptics TouchPad'
[    11.100] (II) systemd-logind: got fd for /dev/input/event4 13:68 fd 29 paused 0
[    11.100] (**) SynPS/2 Synaptics TouchPad: always reports core events
[    11.100] (**) Option "Device" "/dev/input/event4"
[    11.100] (**) Option "_source" "server/udev"
[    11.102] (II) event4  - SynPS/2 Synaptics TouchPad: is tagged by udev as: Touchpad
[    11.103] (II) event4  - SynPS/2 Synaptics TouchPad: device is a touchpad
[    11.103] (II) event4  - SynPS/2 Synaptics TouchPad: device removed
[    11.103] (**) Option "config_info" "udev:/sys/devices/platform/i8042/serio1/input/input5/event4"
[    11.103] (II) XINPUT: Adding extended input device "SynPS/2 Synaptics TouchPad" (type: TOUCHPAD, id 11)
[    11.104] (**) Option "AccelerationScheme" "none"
[    11.104] (**) SynPS/2 Synaptics TouchPad: (accel) selected scheme none/0
[    11.104] (**) SynPS/2 Synaptics TouchPad: (accel) acceleration factor: 2.000
[    11.104] (**) SynPS/2 Synaptics TouchPad: (accel) acceleration threshold: 4
[    11.106] (II) event4  - SynPS/2 Synaptics TouchPad: is tagged by udev as: Touchpad
[    11.107] (II) event4  - SynPS/2 Synaptics TouchPad: device is a touchpad
[    11.108] (II) config/udev: Adding input device SynPS/2 Synaptics TouchPad (/dev/input/mouse0)
[    11.108] (II) No input driver specified, ignoring this device.
[    11.108] (II) This device may have been added with another device file.
[    11.113] (II) config/udev: Adding input device Toshiba input device (/dev/input/event5)
[    11.113] (**) Toshiba input device: Applying InputClass "libinput keyboard catchall"
[    11.113] (II) Using input driver 'libinput' for 'Toshiba input device'
[    11.115] (II) systemd-logind: got fd for /dev/input/event5 13:69 fd 30 paused 0
[    11.115] (**) Toshiba input device: always reports core events
[    11.115] (**) Option "Device" "/dev/input/event5"
[    11.115] (**) Option "_source" "server/udev"
[    11.118] (II) event5  - Toshiba input device: is tagged by udev as: Keyboard
[    11.118] (II) event5  - Toshiba input device: device is a keyboard
[    11.119] (II) event5  - Toshiba input device: device removed
[    11.119] (**) Option "config_info" "udev:/sys/devices/virtual/input/input6/event5"
[    11.119] (II) XINPUT: Adding extended input device "Toshiba input device" (type: KEYBOARD, id 12)
[    11.119] (**) Option "xkb_model" "pc105"
[    11.119] (**) Option "xkb_layout" "gb"
[    11.120] (II) event5  - Toshiba input device: is tagged by udev as: Keyboard
[    11.120] (II) event5  - Toshiba input device: device is a keyboard
[    12.083] (II) modeset(0): EDID vendor "CMO", prod id 5543
[    12.083] (II) modeset(0): Printing DDC gathered Modelines:
[    12.083] (II) modeset(0): Modeline "1366x768"x0.0   69.30  1366 1382 1416 1466  768 770 776 788 -hsync -vsync (47.3 kHz eP)
