0 info it worked if it ends with ok
1 verbose cli [ '/usr/bin/node', '/usr/bin/npm', 'run', '1' ]
2 info using npm@6.14.12
3 info using node@v12.22.1
4 verbose run-script [ 'pre1', '1', 'post1' ]
5 info lifecycle html-css-git-exercises@1.0.0~pre1: html-css-git-exercises@1.0.0
6 info lifecycle html-css-git-exercises@1.0.0~1: html-css-git-exercises@1.0.0
7 verbose lifecycle html-css-git-exercises@1.0.0~1: unsafe-perm in lifecycle true
8 verbose lifecycle html-css-git-exercises@1.0.0~1: PATH: /usr/lib/node_modules/npm/node_modules/npm-lifecycle/node-gyp-bin:/home/mhamad/Desktop/html-css-git/HTML-CSS-GIT/node_modules/.bin:/usr/local/sbin:/usr/local/bin:/usr/sbin:/usr/bin:/sbin:/bin:/usr/games:/usr/local/games:/snap/bin
9 verbose lifecycle html-css-git-exercises@1.0.0~1: CWD: /home/mhamad/Desktop/html-css-git/HTML-CSS-GIT
10 silly lifecycle html-css-git-exercises@1.0.0~1: Args: [ '-c', 'live-server --open=part-1/1-parent-child' ]
11 info lifecycle html-css-git-exercises@1.0.0~1: Failed to exec 1 script
12 verbose stack Error: html-css-git-exercises@1.0.0 1: `live-server --open=part-1/1-parent-child`
12 verbose stack spawn ENOENT
12 verbose stack     at ChildProcess.<anonymous> (/usr/lib/node_modules/npm/node_modules/npm-lifecycle/lib/spawn.js:48:18)
12 verbose stack     at ChildProcess.emit (events.js:314:20)
12 verbose stack     at maybeClose (internal/child_process.js:1022:16)
12 verbose stack     at Process.ChildProcess._handle.onexit (internal/child_process.js:287:5)
13 verbose pkgid html-css-git-exercises@1.0.0
14 verbose cwd /home/mhamad/Desktop/html-css-git/HTML-CSS-GIT
15 verbose Linux 5.8.0-43-generic
16 verbose argv "/usr/bin/node" "/usr/bin/npm" "run" "1"
17 verbose node v12.22.1
18 verbose npm  v6.14.12
19 error code ELIFECYCLE
20 error syscall spawn
21 error file sh
22 error errno ENOENT
23 error html-css-git-exercises@1.0.0 1: `live-server --open=part-1/1-parent-child`
23 error spawn ENOENT
24 error Failed at the html-css-git-exercises@1.0.0 1 script.
24 error This is probably not a problem with npm. There is likely additional logging output above.
25 verbose exit [ 1, true ]
