Looking for git in: git
Using git 2.25.1 from git
> git rev-parse --git-dir
Open repository: /home/mhamad/Desktop/html-css-git/HTML-CSS-GIT
> git status -z -u
> git symbolic-ref --short HEAD
> git for-each-ref --format=%(refname)%00%(upstream:short)%00%(objectname)%00%(upstream:track) refs/heads/master refs/remotes/master
> git for-each-ref --sort -committerdate --format %(refname) %(objectname) %(*objectname)
> git remote --verbose
> git config --get commit.template
> git show --textconv :part-1/9-git-branch/index.html
> git ls-files --stage -- /home/mhamad/Desktop/html-css-git/HTML-CSS-GIT/part-1/9-git-branch/index.html
> git cat-file -s 2aca59639daa1bf168319b8775b01a0de12f84a5
> git check-ignore -v -z --stdin
> git status -z -u
> git symbolic-ref --short HEAD
> git ls-files --stage -- /home/mhamad/Desktop/html-css-git/HTML-CSS-GIT/part-1/9-git-branch/index.html
> git for-each-ref --format=%(refname)%00%(upstream:short)%00%(objectname)%00%(upstream:track) refs/heads/red_links refs/remotes/red_links
> git cat-file -s 2aca59639daa1bf168319b8775b01a0de12f84a5
> git for-each-ref --sort -committerdate --format %(refname) %(objectname) %(*objectname)
> git remote --verbose
> git config --get commit.template
> git show --textconv :part-1/9-git-branch/index.html
> git check-ignore -v -z --stdin
> git show --textconv :part-1/9-git-branch/styles.css
> git ls-files --stage -- /home/mhamad/Desktop/html-css-git/HTML-CSS-GIT/part-1/9-git-branch/styles.css
> git cat-file -s 0051cdbaf7a3d3e6a718210274800c7eb5eb4052
> git status -z -u
> git symbolic-ref --short HEAD
> git for-each-ref --format=%(refname)%00%(upstream:short)%00%(objectname)%00%(upstream:track) refs/heads/red_links refs/remotes/red_links
> git for-each-ref --sort -committerdate --format %(refname) %(objectname) %(*objectname)
> git remote --verbose
> git config --get commit.template
